<?xml version="1.0" encoding="UTF-8"?>
<!-- Generated by org.testng.reporters.JUnitReportReporter -->
<testsuite hostname="TYSS-Piyush-Baldaniya" failures="0" tests="1" name="contacts.CreateContactWithOrgTest" time="46.240" errors="0" timestamp="2025-02-08T10:05:33 IST" skipped="0">
  <testcase classname="contacts.CreateContactWithOrgTest" name="createConWithOrgTest" time="46.240"/>
</testsuite> <!-- contacts.CreateContactWithOrgTest -->
