<?xml version="1.0" encoding="UTF-8"?>
<!-- Generated by org.testng.reporters.JUnitReportReporter -->
<testsuite hostname="TYSS-Piyush-Baldaniya" failures="0" tests="2" name="extra.Demo" time="0.012" errors="0" timestamp="2025-02-10T17:45:13 IST" skipped="0">
  <testcase classname="extra.Demo" name="deleteAccount" time="0.002"/>
  <system-out>
    <![CDATA[Account deleted Successfully]]>
  </system-out>
  <testcase classname="extra.Demo" name="createAccount" time="0.010"/>
  <system-out>
    <![CDATA[Account created Successfully]]>
  </system-out>
</testsuite> <!-- extra.Demo -->
