<?xml version="1.0" encoding="UTF-8"?>
<!-- Generated by org.testng.reporters.JUnitReportReporter -->
<testsuite hostname="TYSS-Piyush-Baldaniya" failures="0" tests="3" name="organizations.OrgTest" time="90.138" errors="0" timestamp="2025-02-08T18:02:22 IST" skipped="0">
  <testcase classname="organizations.OrgTest" name="createOrgWithPhoneTest" time="30.490"/>
  <system-out/>
  <testcase classname="organizations.OrgTest" name="createOrgWithIndTest" time="29.549"/>
  <system-out/>
  <testcase classname="organizations.OrgTest" name="createOrgTest" time="30.099"/>
  <system-out/>
</testsuite> <!-- organizations.OrgTest -->
