<?xml version="1.0" encoding="UTF-8"?>
<!-- Generated by org.testng.reporters.JUnitReportReporter -->
<testsuite hostname="TYSS-Piyush-Baldaniya" failures="0" tests="2" name="organizations.OrgTest" time="30.145" errors="0" timestamp="2025-02-11T14:45:48 IST" skipped="0">
  <testcase classname="organizations.OrgTest" name="createOrgTest" time="15.638"/>
  <system-out/>
  <testcase classname="organizations.OrgTest" name="createOrgWithIndTest" time="14.507"/>
  <system-out/>
</testsuite> <!-- organizations.OrgTest -->
