<?xml version="1.0" encoding="UTF-8"?>
<!-- Generated by org.testng.reporters.JUnitReportReporter -->
<testsuite hostname="TYSS-Piyush-Baldaniya" failures="0" tests="1" name="organizations.CreateOrgWithPhoneTest" time="29.099" errors="0" timestamp="2025-02-08T18:16:08 IST" skipped="0">
  <testcase classname="organizations.CreateOrgWithPhoneTest" name="createOrgWithPhoneTest" time="29.099"/>
  <system-out/>
</testsuite> <!-- organizations.CreateOrgWithPhoneTest -->
