<?xml version="1.0" encoding="UTF-8"?>
<!-- Generated by org.testng.reporters.JUnitReportReporter -->
<testsuite hostname="TYSS-Piyush-Baldaniya" failures="0" tests="1" name="organizations.CreateOrgTest" time="34.608" errors="0" timestamp="2025-02-11T16:05:42 IST" skipped="0">
  <testcase classname="organizations.CreateOrgTest" name="createOrgTest" time="34.608"/>
  <system-out/>
</testsuite> <!-- organizations.CreateOrgTest -->
